c:\users\ести\desktop\c++ pro\course_project_06\course_project_06\debug\vc142.pdb
c:\users\ести\desktop\c++ pro\course_project_06\course_project_06\debug\vc142.idb
c:\users\ести\desktop\c++ pro\course_project_06\course_project_06\debug\enemy.obj
c:\users\ести\desktop\c++ pro\course_project_06\course_project_06\debug\course_project_06.obj
c:\users\ести\desktop\c++ pro\course_project_06\course_project_06\debug\character.obj
c:\users\ести\desktop\c++ pro\course_project_06\course_project_06\debug\themap.obj
c:\users\ести\desktop\c++ pro\course_project_06\course_project_06\debug\themagician.obj
c:\users\ести\desktop\c++ pro\course_project_06\course_project_06\debug\herotype.obj
c:\users\ести\desktop\c++ pro\course_project_06\course_project_06\debug\skeleton.obj
c:\users\ести\desktop\c++ pro\course_project_06\course_project_06\debug\necromancer.obj
c:\users\ести\desktop\c++ pro\course_project_06\course_project_06\debug\heretic.obj
c:\users\ести\desktop\c++ pro\course_project_06\debug\course_project_06.exe
c:\users\ести\desktop\c++ pro\course_project_06\debug\course_project_06.ilk
c:\users\ести\desktop\c++ pro\course_project_06\debug\course_project_06.pdb
c:\users\ести\desktop\c++ pro\course_project_06\course_project_06\debug\course_p.7aff5d1d.tlog\cl.command.1.tlog
c:\users\ести\desktop\c++ pro\course_project_06\course_project_06\debug\course_p.7aff5d1d.tlog\cl.read.1.tlog
c:\users\ести\desktop\c++ pro\course_project_06\course_project_06\debug\course_p.7aff5d1d.tlog\cl.write.1.tlog
c:\users\ести\desktop\c++ pro\course_project_06\course_project_06\debug\course_p.7aff5d1d.tlog\link.command.1.tlog
c:\users\ести\desktop\c++ pro\course_project_06\course_project_06\debug\course_p.7aff5d1d.tlog\link.read.1.tlog
c:\users\ести\desktop\c++ pro\course_project_06\course_project_06\debug\course_p.7aff5d1d.tlog\link.write.1.tlog
